


ARM Macro Assembler    Page 1 


    1 00000000         ; ce programme est pour l'assembleur RealView (Keil)
    2 00000000                 thumb
    3 00000000                 area             moncode, code, readwrite
    4 00000000                 export           callback
    5 00000000                 export           init
    6 00000000                 export           test_trigo
    7 00000000                 import           TabCos
    8 00000000                 import           TabSin
    9 00000000         
   10 00000000         
   11 00000000 02 00   etat    DCW              2
   12 00000002         
   13 00000002         ;0x20000000 ; la mémoire est dispo
   14 00000002         
   15 00000002         init    proc
   16 00000002 4602            mov              r2, r0
   17 00000004 4816            ldr              r0, =etat
   18 00000006 6002            str              r2, [r0]
   19 00000008 4770            bx               lr
   20 0000000A                 endp
   21 0000000A         
   22 0000000A         
   23 0000000A         test_trigo
                               proc
   24 0000000A B402            push             {r1}
   25 0000000C 4B15            ldr              r3, =TabCos
   26 0000000E F04F 0102       mov              r1, #2
   27 00000012 FB00 F001       mul              r0, r1
   28 00000016 4403            add              r3,r0
   29 00000018 881A            ldrh             r2, [r3]
   30 0000001A FB02 F202       mul              r2,r2
   31 0000001E B404            push             {r2}
   32 00000020 4B11            ldr              r3, =TabSin
   33 00000022 F04F 0102       mov              r1, #2
   34 00000026 FB00 F001       mul              r0, r1
   35 0000002A 4403            add              r3,r0
   36 0000002C 881A            ldrh             r2, [r3]
   37 0000002E FB02 F202       mul              r2,r2
   38 00000032 BC01            pop              {r0}
   39 00000034 4410            add              r0,r2
   40 00000036 BC02            pop              {r1}
   41 00000038 6008            str              r0, [r1]
   42 0000003A 4770            bx               lr
   43 0000003C                 endp
   44 0000003C         
   45 0000003C         
   46 0000003C         callback
                               proc
   47 0000003C         
   48 0000003C 40010C10 
                       GPIOB_BSRR
                               equ              0x40010C10  ; Bit Set/Reset reg
                                                            ister
   49 0000003C 4908            ldr              r1, =etat
   50 0000003E 6809            ldr              r1, [r1]
   51 00000040 4B0A            ldr              r3, =GPIOB_BSRR
   52 00000042 F5B1 3F00       cmp              r1, #0x00020000
   53 00000046 D004            beq              m1
   54 00000048 D106            bne              m0



ARM Macro Assembler    Page 2 


   55 0000004A         main
   56 0000004A 6019            str              r1, [r3]
   57 0000004C 4804            ldr              r0, =etat
   58 0000004E 6001            str              r1, [r0]
   59 00000050 4770            bx               lr
   60 00000052                 endp
   61 00000052         
   62 00000052         m1
   63 00000052 F04F 0102       mov              r1, #0x00000002 ; passe a 1
   64 00000056 E7F8            b                main
   65 00000058         m0
   66 00000058 F44F 3100       mov              r1, #0x00020000 ; passe a 0
   67 0000005C E7F5            b                main
   68 0000005E         
   69 0000005E                 end
              00 00 00000000 
              00000000 
              00000000 
              40010C10 
Command Line: --debug --xref --diag_suppress=9931 --cpu=Cortex-M3 --apcs=interw
ork --depend=.\obj\signal.d -o.\obj\signal.o -I.\RTE\_Simu -IC:\Users\titip\App
Data\Local\Arm\Packs\ARM\CMSIS\5.6.0\CMSIS\Core\Include -IC:\Users\titip\AppDat
a\Local\Arm\Packs\Keil\STM32F1xx_DFP\2.3.0\Device\Include --predefine="__EVAL S
ETA 1" --predefine="__MICROLIB SETA 1" --predefine="__UVISION_VERSION SETA 529"
 --predefine="_RTE_ SETA 1" --predefine="STM32F10X_MD SETA 1" --list=signal.lst
 signal.s



ARM Macro Assembler    Page 1 Alphabetic symbol ordering
Relocatable symbols

callback 0000003C

Symbol: callback
   Definitions
      At line 46 in file signal.s
   Uses
      At line 4 in file signal.s
Comment: callback used once
etat 00000000

Symbol: etat
   Definitions
      At line 11 in file signal.s
   Uses
      At line 17 in file signal.s
      At line 49 in file signal.s
      At line 57 in file signal.s

init 00000002

Symbol: init
   Definitions
      At line 15 in file signal.s
   Uses
      At line 5 in file signal.s
Comment: init used once
m0 00000058

Symbol: m0
   Definitions
      At line 65 in file signal.s
   Uses
      At line 54 in file signal.s
Comment: m0 used once
m1 00000052

Symbol: m1
   Definitions
      At line 62 in file signal.s
   Uses
      At line 53 in file signal.s
Comment: m1 used once
main 0000004A

Symbol: main
   Definitions
      At line 55 in file signal.s
   Uses
      At line 64 in file signal.s
      At line 67 in file signal.s

moncode 00000000

Symbol: moncode
   Definitions
      At line 3 in file signal.s
   Uses
      None
Comment: moncode unused



ARM Macro Assembler    Page 2 Alphabetic symbol ordering
Relocatable symbols

test_trigo 0000000A

Symbol: test_trigo
   Definitions
      At line 23 in file signal.s
   Uses
      At line 6 in file signal.s
Comment: test_trigo used once
8 symbols



ARM Macro Assembler    Page 1 Alphabetic symbol ordering
Absolute symbols

GPIOB_BSRR 40010C10

Symbol: GPIOB_BSRR
   Definitions
      At line 48 in file signal.s
   Uses
      At line 51 in file signal.s
Comment: GPIOB_BSRR used once
1 symbol



ARM Macro Assembler    Page 1 Alphabetic symbol ordering
External symbols

TabCos 00000000

Symbol: TabCos
   Definitions
      At line 7 in file signal.s
   Uses
      At line 25 in file signal.s
Comment: TabCos used once
TabSin 00000000

Symbol: TabSin
   Definitions
      At line 8 in file signal.s
   Uses
      At line 32 in file signal.s
Comment: TabSin used once
2 symbols
348 symbols in table
