


ARM Macro Assembler    Page 1 


    1 00000000                 thumb
    2 00000000                 area             moncode, code, readwrite
    3 00000000                 export           test_trigo
    4 00000000                 import           TabCos
    5 00000000                 import           TabSin
    6 00000000         
    7 00000000         test_trigo
                               proc
    8 00000000 B402            push             {r1}
    9 00000002 4B0B            ldr              r3, =TabCos
   10 00000004 F04F 0102       mov              r1, #2
   11 00000008 FB00 F001       mul              r0, r1
   12 0000000C 5A1A            ldrh             r2, [r3,r0] ; recup du cos
   13 0000000E FB02 F202       mul              r2,r2       ; cos^2 
   14 00000012 B404            push             {r2}        ; on save le cos^2 
                                                            
   15 00000014 4B07            ldr              r3, =TabSin ; 
   16 00000016 F04F 0102       mov              r1, #2
   17 0000001A FB00 F001       mul              r0, r1
   18 0000001E 5A1A            ldrh             r2, [r3,r0] ; on recup le sin
   19 00000020 FB02 F202       mul              r2,r2       ; sin^2 
   20 00000024 BC01            pop              {r0}
   21 00000026 4410            add              r0,r2       ; sin^2 + cos^2
   22 00000028 BC02            pop              {r1}
   23 0000002A 6008            str              r0, [r1]
   24 0000002C 4770            bx               lr
   25 0000002E                 endp
   26 0000002E         
   27 0000002E                 end
              00 00 00000000 
              00000000 
Command Line: --debug --xref --diag_suppress=9931 --cpu=Cortex-M3 --apcs=interw
ork --depend=.\obj\trigo.d -o.\obj\trigo.o -I.\RTE\_Simu -IC:\Keil_v5\ARM\PACK\
ARM\CMSIS\5.3.0\CMSIS\Include -IC:\Keil_v5\ARM\PACK\Keil\STM32F1xx_DFP\2.3.0\De
vice\Include --predefine="__EVAL SETA 1" --predefine="__MICROLIB SETA 1" --pred
efine="__UVISION_VERSION SETA 525" --predefine="_RTE_ SETA 1" --predefine="STM3
2F10X_MD SETA 1" --list=trigo.lst trigo.s



ARM Macro Assembler    Page 1 Alphabetic symbol ordering
Relocatable symbols

moncode 00000000

Symbol: moncode
   Definitions
      At line 2 in file trigo.s
   Uses
      None
Comment: moncode unused
test_trigo 00000000

Symbol: test_trigo
   Definitions
      At line 7 in file trigo.s
   Uses
      At line 3 in file trigo.s
Comment: test_trigo used once
2 symbols



ARM Macro Assembler    Page 1 Alphabetic symbol ordering
External symbols

TabCos 00000000

Symbol: TabCos
   Definitions
      At line 4 in file trigo.s
   Uses
      At line 9 in file trigo.s
Comment: TabCos used once
TabSin 00000000

Symbol: TabSin
   Definitions
      At line 5 in file trigo.s
   Uses
      At line 15 in file trigo.s
Comment: TabSin used once
2 symbols
341 symbols in table
