


ARM Macro Assembler    Page 1 


    1 00000000         ; ce programme est pour l'assembleur RealView (Keil)
    2 00000000                 thumb
    3 00000000                 area             moncode, code, readwrite
    4 00000000                 export           callback
    5 00000000                 export           init
    6 00000000                 import           TabCos
    7 00000000                 import           TabSin
    8 00000000         
    9 00000000         
   10 00000000 02 00   etat    DCW              2
   11 00000002         
   12 00000002         ;0x20000000 ; la mémoire est dispo
   13 00000002         
   14 00000002         init    proc
   15 00000002 4602            mov              r2, r0
   16 00000004 4809            ldr              r0, =etat
   17 00000006 6002            str              r2, [r0]
   18 00000008 4770            bx               lr
   19 0000000A                 endp
   20 0000000A         
   21 0000000A         
   22 0000000A         callback
                               proc
   23 0000000A         
   24 0000000A 40010C10 
                       GPIOB_BSRR
                               equ              0x40010C10  ; Bit Set/Reset reg
                                                            ister
   25 0000000A 4908            ldr              r1, =etat
   26 0000000C 6809            ldr              r1, [r1]
   27 0000000E 4B08            ldr              r3, =GPIOB_BSRR
   28 00000010 F5B1 3F00       cmp              r1, #0x00020000
   29 00000014 D004            beq              m1
   30 00000016 D106            bne              m0
   31 00000018         main
   32 00000018 6019            str              r1, [r3]
   33 0000001A 4804            ldr              r0, =etat
   34 0000001C 6001            str              r1, [r0]
   35 0000001E 4770            bx               lr
   36 00000020                 endp
   37 00000020         
   38 00000020         m1
   39 00000020 F04F 0102       mov              r1, #0x00000002 ; passe a 1
   40 00000024 E7F8            b                main
   41 00000026         m0
   42 00000026 F44F 3100       mov              r1, #0x00020000 ; passe a 0
   43 0000002A E7F5            b                main
   44 0000002C         
   45 0000002C                 end
              00000000 
              40010C10 
Command Line: --debug --xref --diag_suppress=9931 --cpu=Cortex-M3 --apcs=interw
ork --depend=.\obj\signal.d -o.\obj\signal.o -I.\RTE\_Simu -IC:\Users\titip\App
Data\Local\Arm\Packs\ARM\CMSIS\5.6.0\CMSIS\Core\Include -IC:\Users\titip\AppDat
a\Local\Arm\Packs\Keil\STM32F1xx_DFP\2.3.0\Device\Include --predefine="__EVAL S
ETA 1" --predefine="__MICROLIB SETA 1" --predefine="__UVISION_VERSION SETA 529"
 --predefine="_RTE_ SETA 1" --predefine="STM32F10X_MD SETA 1" --list=signal.lst
 signal.s



ARM Macro Assembler    Page 1 Alphabetic symbol ordering
Relocatable symbols

callback 0000000A

Symbol: callback
   Definitions
      At line 22 in file signal.s
   Uses
      At line 4 in file signal.s
Comment: callback used once
etat 00000000

Symbol: etat
   Definitions
      At line 10 in file signal.s
   Uses
      At line 16 in file signal.s
      At line 25 in file signal.s
      At line 33 in file signal.s

init 00000002

Symbol: init
   Definitions
      At line 14 in file signal.s
   Uses
      At line 5 in file signal.s
Comment: init used once
m0 00000026

Symbol: m0
   Definitions
      At line 41 in file signal.s
   Uses
      At line 30 in file signal.s
Comment: m0 used once
m1 00000020

Symbol: m1
   Definitions
      At line 38 in file signal.s
   Uses
      At line 29 in file signal.s
Comment: m1 used once
main 00000018

Symbol: main
   Definitions
      At line 31 in file signal.s
   Uses
      At line 40 in file signal.s
      At line 43 in file signal.s

moncode 00000000

Symbol: moncode
   Definitions
      At line 3 in file signal.s
   Uses
      None
Comment: moncode unused



ARM Macro Assembler    Page 2 Alphabetic symbol ordering
Relocatable symbols

7 symbols



ARM Macro Assembler    Page 1 Alphabetic symbol ordering
Absolute symbols

GPIOB_BSRR 40010C10

Symbol: GPIOB_BSRR
   Definitions
      At line 24 in file signal.s
   Uses
      At line 27 in file signal.s
Comment: GPIOB_BSRR used once
1 symbol



ARM Macro Assembler    Page 1 Alphabetic symbol ordering
External symbols

TabCos 00000000

Symbol: TabCos
   Definitions
      At line 6 in file signal.s
   Uses
      None
Comment: TabCos unused
TabSin 00000000

Symbol: TabSin
   Definitions
      At line 7 in file signal.s
   Uses
      None
Comment: TabSin unused
2 symbols
347 symbols in table
